Copyright 1986-2020 Xilinx, Inc. All Rights Reserved.
------------------------------------------------------------------------------------------------------------------------------
| Tool Version : Vivado v.2020.1.1 (win64) Build 2960000 Wed Aug  5 22:57:20 MDT 2020
| Date         : Fri May 21 00:54:56 2021
| Host         : KURO-PC running 64-bit major release  (build 9200)
| Command      : report_drc -file TOP_LVL_CUST_drc_routed.rpt -pb TOP_LVL_CUST_drc_routed.pb -rpx TOP_LVL_CUST_drc_routed.rpx
| Design       : TOP_LVL_CUST
| Device       : xc7a100tcsg324-1
| Speed File   : -1
| Design State : Fully Routed
------------------------------------------------------------------------------------------------------------------------------

Report DRC

Table of Contents
-----------------
1. REPORT SUMMARY
2. REPORT DETAILS

1. REPORT SUMMARY
-----------------
            Netlist: netlist
          Floorplan: design_1
      Design limits: <entire design considered>
           Ruledeck: default
             Max violations: <unlimited>
             Violations found: 8
+----------+----------+-----------------------------------------------------+------------+
| Rule     | Severity | Description                                         | Violations |
+----------+----------+-----------------------------------------------------+------------+
| CFGBVS-1 | Warning  | Missing CFGBVS and CONFIG_VOLTAGE Design Properties | 1          |
| PDRC-153 | Warning  | Gated clock check                                   | 7          |
+----------+----------+-----------------------------------------------------+------------+

2. REPORT DETAILS
-----------------
CFGBVS-1#1 Warning
Missing CFGBVS and CONFIG_VOLTAGE Design Properties  
Neither the CFGBVS nor CONFIG_VOLTAGE voltage property is set in the current_design.  Configuration bank voltage select (CFGBVS) must be set to VCCO or GND, and CONFIG_VOLTAGE must be set to the correct configuration voltage, in order to determine the I/O voltage support for the pins in bank 0.  It is suggested to specify these either using the 'Edit Device Properties' function in the GUI or directly in the XDC file using the following syntax:

 set_property CFGBVS value1 [current_design]
 #where value1 is either VCCO or GND

 set_property CONFIG_VOLTAGE value2 [current_design]
 #where value2 is the voltage provided to configuration bank 0

Refer to the device configuration user guide for more information.
Related violations: <none>

PDRC-153#1 Warning
Gated clock check  
Net Unit_Data_Path/Unit_Conv/Output_reg[0]/G0 is a gated clock net sourced by a combinational pin Unit_Data_Path/Unit_Conv/Output_reg[0]/L3_2/O, cell Unit_Data_Path/Unit_Conv/Output_reg[0]/L3_2 (in Unit_Data_Path/Unit_Conv/Output_reg[0] macro). This is not good design practice and will likely impact performance. For SLICE registers, for example, use the CE pin to control the loading of data.
Related violations: <none>

PDRC-153#2 Warning
Gated clock check  
Net Unit_Data_Path/Unit_Conv/Output_reg[1]/G0 is a gated clock net sourced by a combinational pin Unit_Data_Path/Unit_Conv/Output_reg[1]/L3_2/O, cell Unit_Data_Path/Unit_Conv/Output_reg[1]/L3_2 (in Unit_Data_Path/Unit_Conv/Output_reg[1] macro). This is not good design practice and will likely impact performance. For SLICE registers, for example, use the CE pin to control the loading of data.
Related violations: <none>

PDRC-153#3 Warning
Gated clock check  
Net Unit_Data_Path/Unit_Conv/Output_reg[2]/G0 is a gated clock net sourced by a combinational pin Unit_Data_Path/Unit_Conv/Output_reg[2]/L3_2/O, cell Unit_Data_Path/Unit_Conv/Output_reg[2]/L3_2 (in Unit_Data_Path/Unit_Conv/Output_reg[2] macro). This is not good design practice and will likely impact performance. For SLICE registers, for example, use the CE pin to control the loading of data.
Related violations: <none>

PDRC-153#4 Warning
Gated clock check  
Net Unit_Data_Path/Unit_Conv/Output_reg[3]/G0 is a gated clock net sourced by a combinational pin Unit_Data_Path/Unit_Conv/Output_reg[3]/L3_2/O, cell Unit_Data_Path/Unit_Conv/Output_reg[3]/L3_2 (in Unit_Data_Path/Unit_Conv/Output_reg[3] macro). This is not good design practice and will likely impact performance. For SLICE registers, for example, use the CE pin to control the loading of data.
Related violations: <none>

PDRC-153#5 Warning
Gated clock check  
Net Unit_Data_Path/Unit_Conv/Output_reg[4]/G0 is a gated clock net sourced by a combinational pin Unit_Data_Path/Unit_Conv/Output_reg[4]/L3_2/O, cell Unit_Data_Path/Unit_Conv/Output_reg[4]/L3_2 (in Unit_Data_Path/Unit_Conv/Output_reg[4] macro). This is not good design practice and will likely impact performance. For SLICE registers, for example, use the CE pin to control the loading of data.
Related violations: <none>

PDRC-153#6 Warning
Gated clock check  
Net Unit_Data_Path/Unit_Conv/Output_reg[5]/G0 is a gated clock net sourced by a combinational pin Unit_Data_Path/Unit_Conv/Output_reg[5]/L3_2/O, cell Unit_Data_Path/Unit_Conv/Output_reg[5]/L3_2 (in Unit_Data_Path/Unit_Conv/Output_reg[5] macro). This is not good design practice and will likely impact performance. For SLICE registers, for example, use the CE pin to control the loading of data.
Related violations: <none>

PDRC-153#7 Warning
Gated clock check  
Net Unit_Data_Path/Unit_Conv/Output_reg[6]/G0 is a gated clock net sourced by a combinational pin Unit_Data_Path/Unit_Conv/Output_reg[6]/L3_2/O, cell Unit_Data_Path/Unit_Conv/Output_reg[6]/L3_2 (in Unit_Data_Path/Unit_Conv/Output_reg[6] macro). This is not good design practice and will likely impact performance. For SLICE registers, for example, use the CE pin to control the loading of data.
Related violations: <none>


